#
# There is insufficient memory for the Java Runtime Environment to continue.
# Native memory allocation (mmap) failed to map 268435456 bytes for G1 virtual space
# Possible reasons:
#   The system is out of physical RAM or swap space
#   The process is running with CompressedOops enabled, and the Java Heap may be blocking the growth of the native heap
# Possible solutions:
#   Reduce memory load on the system
#   Increase physical memory or swap space
#   Check if swap backing store is full
#   Decrease Java heap size (-Xmx/-Xms)
#   Decrease number of Java threads
#   Decrease Java thread stack sizes (-Xss)
#   Set larger code cache with -XX:ReservedCodeCacheSize=
#   JVM is running with Zero Based Compressed Oops mode in which the Java heap is
#     placed in the first 32GB address space. The Java Heap base address is the
#     maximum limit for the native heap growth. Please use -XX:HeapBaseMinAddress
#     to set the Java Heap base and to place the Java Heap above 32GB virtual address.
# This output file may be truncated or incomplete.
#
#  Out of Memory Error (os_windows.cpp:3541), pid=64808, tid=64544
#
# JRE version:  (17.0.4+8) (build )
# Java VM: OpenJDK 64-Bit Server VM (17.0.4+8, mixed mode, sharing, tiered, compressed oops, compressed class ptrs, g1 gc, windows-amd64)
# No core dump will be written. Minidumps are not enabled by default on client versions of Windows
#

---------------  S U M M A R Y ------------

Command Line: -Dfile.encoding=UTF-8 -XX:+ShowCodeDetailsInExceptionMessages sweng.group.one.client_app_desktop.App

Host: Intel(R) Core(TM) i9-9980HK CPU @ 2.40GHz, 16 cores, 15G,  Windows 10 , 64 bit Build 19041 (10.0.19041.2546)
Time: Tue Mar 14 19:56:44 2023 GMT Standard Time elapsed time: 0.012536 seconds (0d 0h 0m 0s)

---------------  T H R E A D  ---------------

Current thread (0x0000029a322a0d60):  JavaThread "Unknown thread" [_thread_in_vm, id=64544, stack(0x000000e0f5200000,0x000000e0f5300000)]

Stack: [0x000000e0f5200000,0x000000e0f5300000]
Native frames: (J=compiled Java code, j=interpreted, Vv=VM code, C=native code)
V  [jvm.dll+0x67733a]
V  [jvm.dll+0x8323c4]
V  [jvm.dll+0x833b6e]
V  [jvm.dll+0x8341d3]
V  [jvm.dll+0x2455e5]
V  [jvm.dll+0x674229]
V  [jvm.dll+0x668ab2]
V  [jvm.dll+0x30458b]
V  [jvm.dll+0x30bad6]
V  [jvm.dll+0x35ba7e]
V  [jvm.dll+0x35bcaf]
V  [jvm.dll+0x2db428]
V  [jvm.dll+0x2dc394]
V  [jvm.dll+0x803ef1]
V  [jvm.dll+0x3698d1]
V  [jvm.dll+0x7e320c]
V  [jvm.dll+0x3ec23f]
V  [jvm.dll+0x3eddc1]
C  [jli.dll+0x5277]
C  [ucrtbase.dll+0x21bb2]
C  [KERNEL32.DLL+0x17614]
C  [ntdll.dll+0x526a1]


---------------  P R O C E S S  ---------------

Threads class SMR info:
_java_thread_list=0x00007ff976ac4e98, length=0, elements={
}

Java Threads: ( => current thread )

Other Threads:
  0x0000029a3230b070 GCTaskThread "GC Thread#0" [stack: 0x000000e0f5300000,0x000000e0f5400000] [id=62856]
  0x0000029a3231e9c0 ConcurrentGCThread "G1 Main Marker" [stack: 0x000000e0f5400000,0x000000e0f5500000] [id=65084]
  0x0000029a3231f3d0 ConcurrentGCThread "G1 Conc#0" [stack: 0x000000e0f5500000,0x000000e0f5600000] [id=65100]

[error occurred during error reporting (printing all threads), id 0xc0000005, EXCEPTION_ACCESS_VIOLATION (0xc0000005) at pc=0x00007ff97629beb7]

VM state: not at safepoint (not fully initialized)

VM Mutex/Monitor currently owned by a thread:  ([mutex/lock_event])
[0x0000029a3229c130] Heap_lock - owner thread: 0x0000029a322a0d60

Heap address: 0x0000000701a00000, size: 4070 MB, Compressed Oops mode: Zero based, Oop shift amount: 3

CDS archive(s) mapped at: [0x0000000000000000-0x0000000000000000-0x0000000000000000), size 0, SharedBaseAddress: 0x0000000800000000, ArchiveRelocationMode: 0.
Narrow klass base: 0x0000000000000000, Narrow klass shift: 0, Narrow klass range: 0x0

GC Precious Log:
<Empty>

Heap:
 garbage-first heap   total 0K, used 0K [0x0000000701a00000, 0x0000000800000000)
  region size 2048K, 0 young (0K), 0 survivors (0K)

[error occurred during error reporting (printing heap information), id 0xc0000005, EXCEPTION_ACCESS_VIOLATION (0xc0000005) at pc=0x00007ff9766806b9]

GC Heap History (0 events):
No events

Deoptimization events (0 events):
No events

Classes unloaded (0 events):
No events

Classes redefined (0 events):
No events

Internal exceptions (0 events):
No events

VM Operations (0 events):
No events

Events (1 events):
Event: 0.006 Loaded shared library C:\Users\Jon Cooke\.p2\pool\plugins\org.eclipse.justj.openjdk.hotspot.jre.full.win32.x86_64_17.0.4.v20220805-1047\jre\bin\java.dll


Dynamic libraries:
0x00007ff79c130000 - 0x00007ff79c13e000 	C:\Users\Jon Cooke\.p2\pool\plugins\org.eclipse.justj.openjdk.hotspot.jre.full.win32.x86_64_17.0.4.v20220805-1047\jre\bin\javaw.exe
0x00007ffa00830000 - 0x00007ffa00a28000 	C:\Windows\SYSTEM32\ntdll.dll
0x00007ff9ff6b0000 - 0x00007ff9ff76f000 	C:\Windows\System32\KERNEL32.DLL
0x00007ff9fdf20000 - 0x00007ff9fe1f2000 	C:\Windows\System32\KERNELBASE.dll
0x00007ff9fe360000 - 0x00007ff9fe460000 	C:\Windows\System32\ucrtbase.dll
0x00007ff9f8970000 - 0x00007ff9f8988000 	C:\Users\Jon Cooke\.p2\pool\plugins\org.eclipse.justj.openjdk.hotspot.jre.full.win32.x86_64_17.0.4.v20220805-1047\jre\bin\jli.dll
0x00007ff9f8b10000 - 0x00007ff9f8b29000 	C:\Users\Jon Cooke\.p2\pool\plugins\org.eclipse.justj.openjdk.hotspot.jre.full.win32.x86_64_17.0.4.v20220805-1047\jre\bin\VCRUNTIME140.dll
0x00007ff9ffaf0000 - 0x00007ff9ffc91000 	C:\Windows\System32\USER32.dll
0x00007ff9fe460000 - 0x00007ff9fe482000 	C:\Windows\System32\win32u.dll
0x00007ff9e9aa0000 - 0x00007ff9e9d3a000 	C:\Windows\WinSxS\amd64_microsoft.windows.common-controls_6595b64144ccf1df_6.0.19041.1110_none_60b5254171f9507e\COMCTL32.dll
0x00007ff9fea50000 - 0x00007ff9fea7b000 	C:\Windows\System32\GDI32.dll
0x00007ffa006c0000 - 0x00007ffa0075e000 	C:\Windows\System32\msvcrt.dll
0x00007ff9fe6c0000 - 0x00007ff9fe7cf000 	C:\Windows\System32\gdi32full.dll
0x00007ff9fe620000 - 0x00007ff9fe6bd000 	C:\Windows\System32\msvcp_win.dll
0x00007ff9ffaa0000 - 0x00007ff9ffad2000 	C:\Windows\System32\IMM32.DLL
0x00007ff9f8960000 - 0x00007ff9f896c000 	C:\Users\Jon Cooke\.p2\pool\plugins\org.eclipse.justj.openjdk.hotspot.jre.full.win32.x86_64_17.0.4.v20220805-1047\jre\bin\vcruntime140_1.dll
0x00007ff9f7300000 - 0x00007ff9f7391000 	C:\Users\Jon Cooke\.p2\pool\plugins\org.eclipse.justj.openjdk.hotspot.jre.full.win32.x86_64_17.0.4.v20220805-1047\jre\bin\msvcp140.dll
0x00007ff975fb0000 - 0x00007ff976bf6000 	C:\Users\Jon Cooke\.p2\pool\plugins\org.eclipse.justj.openjdk.hotspot.jre.full.win32.x86_64_17.0.4.v20220805-1047\jre\bin\server\jvm.dll
0x00007ff9fe9a0000 - 0x00007ff9fea4e000 	C:\Windows\System32\ADVAPI32.dll
0x00007ff9ff8c0000 - 0x00007ff9ff95c000 	C:\Windows\System32\sechost.dll
0x00007ff9fe870000 - 0x00007ff9fe995000 	C:\Windows\System32\RPCRT4.dll
0x00007ff9ffa90000 - 0x00007ff9ffa98000 	C:\Windows\System32\PSAPI.DLL
0x00007ff9ebc50000 - 0x00007ff9ebc59000 	C:\Windows\SYSTEM32\WSOCK32.dll
0x00007ff9f50a0000 - 0x00007ff9f50aa000 	C:\Windows\SYSTEM32\VERSION.dll
0x00007ff9f2fe0000 - 0x00007ff9f3007000 	C:\Windows\SYSTEM32\WINMM.dll
0x00007ff9ff850000 - 0x00007ff9ff8bb000 	C:\Windows\System32\WS2_32.dll
0x00007ff9fbde0000 - 0x00007ff9fbdf2000 	C:\Windows\SYSTEM32\kernel.appcore.dll
0x00007ff98e170000 - 0x00007ff98e17a000 	C:\Users\Jon Cooke\.p2\pool\plugins\org.eclipse.justj.openjdk.hotspot.jre.full.win32.x86_64_17.0.4.v20220805-1047\jre\bin\jimage.dll
0x00007ff9f52f0000 - 0x00007ff9f54d4000 	C:\Windows\SYSTEM32\DBGHELP.DLL
0x00007ff9ebd50000 - 0x00007ff9ebd85000 	C:\Windows\SYSTEM32\dbgcore.DLL
0x00007ff9fe4e0000 - 0x00007ff9fe562000 	C:\Windows\System32\bcryptPrimitives.dll
0x00007ff9890f0000 - 0x00007ff989115000 	C:\Users\Jon Cooke\.p2\pool\plugins\org.eclipse.justj.openjdk.hotspot.jre.full.win32.x86_64_17.0.4.v20220805-1047\jre\bin\java.dll

dbghelp: loaded successfully - version: 4.0.5 - missing functions: none
symbol engine: initialized successfully - sym options: 0x614 - pdb path: .;C:\Users\Jon Cooke\.p2\pool\plugins\org.eclipse.justj.openjdk.hotspot.jre.full.win32.x86_64_17.0.4.v20220805-1047\jre\bin;C:\Windows\SYSTEM32;C:\Windows\WinSxS\amd64_microsoft.windows.common-controls_6595b64144ccf1df_6.0.19041.1110_none_60b5254171f9507e;C:\Users\Jon Cooke\.p2\pool\plugins\org.eclipse.justj.openjdk.hotspot.jre.full.win32.x86_64_17.0.4.v20220805-1047\jre\bin\server

VM Arguments:
jvm_args: -Dfile.encoding=UTF-8 -XX:+ShowCodeDetailsInExceptionMessages 
java_command: sweng.group.one.client_app_desktop.App
java_class_path (initial): C:\Users\Jon Cooke\Documents\Education\York\Year3\SwEng\Repository\client-app-desktop\target\classes;C:\Users\Jon Cooke\.m2\repository\org\assertj\assertj-swing-junit\3.9.2\assertj-swing-junit-3.9.2.jar;C:\Users\Jon Cooke\.m2\repository\org\assertj\assertj-swing\3.9.2\assertj-swing-3.9.2.jar;C:\Users\Jon Cooke\.m2\repository\org\assertj\assertj-core\3.11.1\assertj-core-3.11.1.jar;C:\Users\Jon Cooke\.m2\repository\org\easytesting\fest-util\1.2.5\fest-util-1.2.5.jar;C:\Users\Jon Cooke\.m2\repository\org\easytesting\fest-reflect\1.4.1\fest-reflect-1.4.1.jar;C:\Users\Jon Cooke\.m2\repository\org\mapsforge\mapsforge-core\0.18.0\mapsforge-core-0.18.0.jar;C:\Users\Jon Cooke\.m2\repository\org\mapsforge\mapsforge-map\0.18.0\mapsforge-map-0.18.0.jar;C:\Users\Jon Cooke\.m2\repository\net\sf\kxml\kxml2\2.3.0\kxml2-2.3.0.jar;C:\Users\Jon Cooke\.m2\repository\org\mapsforge\mapsforge-themes\0.18.0\mapsforge-themes-0.18.0.jar;C:\Users\Jon Cooke\.m2\repository\org\mapsforge\mapsforge-map-reader\0.18.0\mapsforge-map-reader-0.18.0.jar;C:\Users\Jon Cooke\.m2\repository\org\mapsforge\mapsforge-map-awt\0.18.0\mapsforge-map-awt-0.18.0.jar;C:\Users\Jon Cooke\.m2\repository\com\formdev\svgSalamander\1.1.3\svgSalamander-1.1.3.jar;C:\Users\Jon Cooke\.m2\repository\uk\co\caprica\vlcj\4.8.2\vlcj-4.8.2.jar;C:\Users\Jon Cooke\.m2\repository\uk\co\caprica\vlcj-natives\4.8.1\vlcj-natives-4.8.1.jar;C:\Users\Jon Cooke\.m2\repository\net\java\dev\jna\jna-jpms\5.12.1\jna-jpms-5.12.1.jar;C:\Users\Jon Cooke\.m2\repository\net\java\dev\jna\jna-platform-jpms\5.12.1\jna-platform-jpms-5.12.1.jar
Launcher Type: SUN_STANDARD

[Global flags]
     intx CICompilerCount                          = 12                                        {product} {ergonomic}
     uint ConcGCThreads                            = 3                                         {product} {ergonomic}
     uint G1ConcRefinementThreads                  = 13                                        {product} {ergonomic}
   size_t G1HeapRegionSize                         = 2097152                                   {product} {ergonomic}
    uintx GCDrainStackTargetSize                   = 64                                        {product} {ergonomic}
   size_t InitialHeapSize                          = 268435456                                 {product} {ergonomic}
   size_t MarkStackSize                            = 4194304                                   {product} {ergonomic}
   size_t MaxHeapSize                              = 4267704320                                {product} {ergonomic}
   size_t MinHeapDeltaBytes                        = 2097152                                   {product} {ergonomic}
   size_t MinHeapSize                              = 8388608                                   {product} {ergonomic}
    uintx NonNMethodCodeHeapSize                   = 7602480                                {pd product} {ergonomic}
    uintx NonProfiledCodeHeapSize                  = 122027880                              {pd product} {ergonomic}
    uintx ProfiledCodeHeapSize                     = 122027880                              {pd product} {ergonomic}
    uintx ReservedCodeCacheSize                    = 251658240                              {pd product} {ergonomic}
     bool SegmentedCodeCache                       = true                                      {product} {ergonomic}
     bool ShowCodeDetailsInExceptionMessages       = true                                   {manageable} {command line}
   size_t SoftMaxHeapSize                          = 4267704320                             {manageable} {ergonomic}
     bool UseCompressedClassPointers               = true                           {product lp64_product} {ergonomic}
     bool UseCompressedOops                        = true                           {product lp64_product} {ergonomic}
     bool UseG1GC                                  = true                                      {product} {ergonomic}
     bool UseLargePagesIndividualAllocation        = false                                  {pd product} {ergonomic}

Logging:
Log output configuration:
 #0: stdout all=warning uptime,level,tags
 #1: stderr all=off uptime,level,tags

Environment Variables:
PATH=C:/Users/Jon Cooke/.p2/pool/plugins/org.eclipse.justj.openjdk.hotspot.jre.full.win32.x86_64_17.0.4.v20220805-1047/jre/bin/server;C:/Users/Jon Cooke/.p2/pool/plugins/org.eclipse.justj.openjdk.hotspot.jre.full.win32.x86_64_17.0.4.v20220805-1047/jre/bin;C:\Program Files (x86)\Intel\Intel(R) Management Engine Components\iCLS\;C:\Program Files\Intel\Intel(R) Management Engine Components\iCLS\;C:\Windows\system32;C:\Windows;C:\Windows\System32\Wbem;C:\Windows\System32\WindowsPowerShell\v1.0\;C:\Windows\System32\OpenSSH\;C:\Program Files\Git\cmd;C:\Users\Jon Cooke\AppData\Local\Microsoft\WindowsApps;;C:\Users\Jon Cooke\Desktop;
USERNAME=Jon Cooke
OS=Windows_NT
PROCESSOR_IDENTIFIER=Intel64 Family 6 Model 158 Stepping 13, GenuineIntel
TMP=C:\Users\JONCOO~1\AppData\Local\Temp
TEMP=C:\Users\JONCOO~1\AppData\Local\Temp



---------------  S Y S T E M  ---------------

OS:
 Windows 10 , 64 bit Build 19041 (10.0.19041.2546)
OS uptime: 0 days 9:39 hours

CPU: total 16 (initial active 16) (8 cores per cpu, 2 threads per core) family 6 model 158 stepping 13 microcode 0xf0, cx8, cmov, fxsr, ht, mmx, 3dnowpref, sse, sse2, sse3, ssse3, sse4.1, sse4.2, popcnt, lzcnt, tsc, tscinvbit, avx, avx2, aes, erms, clmul, bmi1, bmi2, adx, fma, vzeroupper, clflush, clflushopt

Memory: 4k page, system-wide physical 16278M (4780M free)
TotalPageFile size 65430M (AvailPageFile size 198M)
current process WorkingSet (physical memory assigned to process): 10M, peak: 10M
current process commit charge ("private bytes"): 70M, peak: 326M

vm_info: OpenJDK 64-Bit Server VM (17.0.4+8) for windows-amd64 JRE (17.0.4+8), built on Jul 19 2022 16:05:16 by "temurin" with MS VC++ 16.7 (VS2019)

END.
